<?xml version="1.0" encoding="UTF-8"?>
<!-- Generated by org.testng.reporters.JUnitReportReporter -->
<testsuite hostname="LAP-2123" failures="0" tests="3" name="RestAssuredAutomation.Test_01_Get" time="2.145" errors="0" timestamp="2022-05-31T11:16:53 IST" skipped="0">
  <testcase classname="RestAssuredAutomation.Test_01_Get" name="getRequest" time="1.446"/>
  <system-out/>
  <testcase classname="RestAssuredAutomation.Test_01_Get" name="getRequest1" time="0.157"/>
  <system-out/>
  <testcase classname="RestAssuredAutomation.Test_01_Get" name="postRequest" time="0.542"/>
  <system-out/>
</testsuite> <!-- RestAssuredAutomation.Test_01_Get -->
